{"/Users/aaronmcleod/src/fpf/fpf-mobile/src/common/currentUser.js": {"path":"/Users/aaronmcleod/src/fpf/fpf-mobile/src/common/currentUser.js","statementMap":{"0":{"start":{"line":3,"column":27},"end":{"line":14,"column":2}},"1":{"start":{"line":9,"column":45},"end":{"line":12,"column":5}}},"fnMap":{"0":{"name":"(anonymous_0)","decl":{"start":{"line":9,"column":20},"end":{"line":9,"column":21}},"loc":{"start":{"line":9,"column":45},"end":{"line":12,"column":5}},"line":9}},"branchMap":{},"s":{"0":1,"1":0},"f":{"0":0},"b":{},"_coverageSchema":"43e27e138ebf9cfc5966b082cf9a028302ed4184","hash":"93f7a2c3de1721b6904983da615ea6b6efa151b6"}
}
